[debug] [2025-01-27T08:06:12.790Z] ----------------------------------------------------------------------
[debug] [2025-01-27T08:06:12.791Z] Command:       /Users/arifbiswas/.nvm/versions/node/v18.20.6/bin/node /opt/homebrew/bin/firebase functions:shell
[debug] [2025-01-27T08:06:12.791Z] CLI Version:   13.29.1
[debug] [2025-01-27T08:06:12.791Z] Platform:      darwin
[debug] [2025-01-27T08:06:12.792Z] Node Version:  v18.20.6
[debug] [2025-01-27T08:06:12.792Z] Time:          Mon Jan 27 2025 14:06:12 GMT+0600 (Bangladesh Standard Time)
[debug] [2025-01-27T08:06:12.792Z] ----------------------------------------------------------------------
[debug] 
[debug] [2025-01-27T08:06:12.826Z] > command requires scopes: ["email","openid","https://www.googleapis.com/auth/cloudplatformprojects.readonly","https://www.googleapis.com/auth/firebase","https://www.googleapis.com/auth/cloud-platform"]
[debug] [2025-01-27T08:06:12.827Z] > authorizing via signed-in user (arifbiswas1020@gmail.com)
[debug] [2025-01-27T08:06:12.827Z] [iam] checking project nightclubapp for permissions ["firebase.projects.get"]
[debug] [2025-01-27T08:06:12.827Z] Checked if tokens are valid: true, expires at: 1737968712842
[debug] [2025-01-27T08:06:12.827Z] Checked if tokens are valid: true, expires at: 1737968712842
[debug] [2025-01-27T08:06:12.828Z] >>> [apiv2][query] POST https://cloudresourcemanager.googleapis.com/v1/projects/nightclubapp:testIamPermissions [none]
[debug] [2025-01-27T08:06:12.828Z] >>> [apiv2][(partial)header] POST https://cloudresourcemanager.googleapis.com/v1/projects/nightclubapp:testIamPermissions x-goog-quota-user=projects/nightclubapp
[debug] [2025-01-27T08:06:12.828Z] >>> [apiv2][body] POST https://cloudresourcemanager.googleapis.com/v1/projects/nightclubapp:testIamPermissions {"permissions":["firebase.projects.get"]}
[debug] [2025-01-27T08:06:19.698Z] ----------------------------------------------------------------------
[debug] [2025-01-27T08:06:19.699Z] Command:       /Users/arifbiswas/.nvm/versions/node/v18.20.6/bin/node /opt/homebrew/bin/firebase emulators:start
[debug] [2025-01-27T08:06:19.699Z] CLI Version:   13.29.1
[debug] [2025-01-27T08:06:19.700Z] Platform:      darwin
[debug] [2025-01-27T08:06:19.700Z] Node Version:  v18.20.6
[debug] [2025-01-27T08:06:19.700Z] Time:          Mon Jan 27 2025 14:06:19 GMT+0600 (Bangladesh Standard Time)
[debug] [2025-01-27T08:06:19.700Z] ----------------------------------------------------------------------
[debug] 
[debug] [2025-01-27T08:06:19.752Z] > command requires scopes: ["email","openid","https://www.googleapis.com/auth/cloudplatformprojects.readonly","https://www.googleapis.com/auth/firebase","https://www.googleapis.com/auth/cloud-platform"]
[debug] [2025-01-27T08:06:19.753Z] > authorizing via signed-in user (arifbiswas1020@gmail.com)
[info] i  emulators: Starting emulators: functions, extensions {"metadata":{"emulator":{"name":"hub"},"message":"Starting emulators: functions, extensions"}}
[debug] [2025-01-27T08:06:19.755Z] Checked if tokens are valid: true, expires at: 1737968712842
[debug] [2025-01-27T08:06:19.755Z] Checked if tokens are valid: true, expires at: 1737968712842
[debug] [2025-01-27T08:06:19.755Z] >>> [apiv2][query] GET https://cloudresourcemanager.googleapis.com/v1/projects/nightclubapp [none]
[debug] [2025-01-27T08:06:21.165Z] <<< [apiv2][status] GET https://cloudresourcemanager.googleapis.com/v1/projects/nightclubapp 200
[debug] [2025-01-27T08:06:21.165Z] <<< [apiv2][body] GET https://cloudresourcemanager.googleapis.com/v1/projects/nightclubapp {"projectNumber":"417062302373","projectId":"nightclubapp","lifecycleState":"ACTIVE","name":"nightclubapp","labels":{"firebase":"enabled","firebase-core":"disabled"},"createTime":"2025-01-16T07:49:25.559059Z"}
[debug] [2025-01-27T08:06:21.404Z] [logging] Logging Emulator only supports listening on one address (127.0.0.1). Not listening on ::1
[debug] [2025-01-27T08:06:21.404Z] assigned listening specs for emulators {"user":{"hub":[{"address":"127.0.0.1","family":"IPv4","port":4400},{"address":"::1","family":"IPv6","port":4400}],"ui":[{"address":"127.0.0.1","family":"IPv4","port":4000},{"address":"::1","family":"IPv6","port":4000}],"logging":[{"address":"127.0.0.1","family":"IPv4","port":4500}]},"metadata":{"message":"assigned listening specs for emulators"}}
[debug] [2025-01-27T08:06:21.407Z] [hub] writing locator at /var/folders/fg/k1_ddpz17ggf22my8dh98r140000gp/T/hub-nightclubapp.json
[debug] [2025-01-27T08:06:21.409Z] [Extensions] Started Extensions emulator, this is a noop.
[debug] [2025-01-27T08:06:21.570Z] [eventarc] Eventarc Emulator only supports listening on one address (127.0.0.1). Not listening on ::1
[debug] [2025-01-27T08:06:21.570Z] [tasks] Cloud Tasks Emulator only supports listening on one address (127.0.0.1). Not listening on ::1
[debug] [2025-01-27T08:06:21.570Z] late-assigned ports for functions and eventarc emulators {"user":{"hub":[{"address":"127.0.0.1","family":"IPv4","port":4400},{"address":"::1","family":"IPv6","port":4400}],"ui":[{"address":"127.0.0.1","family":"IPv4","port":4000},{"address":"::1","family":"IPv6","port":4000}],"logging":[{"address":"127.0.0.1","family":"IPv4","port":4500}],"functions":[{"address":"10.0.80.14","family":"IPv4","port":5001}],"eventarc":[{"address":"127.0.0.1","family":"IPv4","port":9299}],"tasks":[{"address":"127.0.0.1","family":"IPv4","port":9499}]},"metadata":{"message":"late-assigned ports for functions and eventarc emulators"}}
[warn] ⚠  functions: The following emulators are not running, calls to these services from the Functions emulator will affect production: apphosting, auth, firestore, database, hosting, pubsub, storage, dataconnect {"metadata":{"emulator":{"name":"functions"},"message":"The following emulators are not running, calls to these services from the Functions emulator will affect production: \u001b[1mapphosting, auth, firestore, database, hosting, pubsub, storage, dataconnect\u001b[22m"}}
[debug] [2025-01-27T08:06:21.572Z] defaultcredentials: writing to file /Users/arifbiswas/.config/firebase/arifbiswas1020_gmail_com_application_default_credentials.json
[debug] [2025-01-27T08:06:21.573Z] Setting GAC to /Users/arifbiswas/.config/firebase/arifbiswas1020_gmail_com_application_default_credentials.json {"metadata":{"emulator":{"name":"functions"},"message":"Setting GAC to /Users/arifbiswas/.config/firebase/arifbiswas1020_gmail_com_application_default_credentials.json"}}
[debug] [2025-01-27T08:06:21.573Z] Checked if tokens are valid: true, expires at: 1737968712842
[debug] [2025-01-27T08:06:21.573Z] Checked if tokens are valid: true, expires at: 1737968712842
[debug] [2025-01-27T08:06:21.574Z] >>> [apiv2][query] GET https://firebase.googleapis.com/v1beta1/projects/nightclubapp/adminSdkConfig [none]
[debug] [2025-01-27T08:06:22.380Z] <<< [apiv2][status] GET https://firebase.googleapis.com/v1beta1/projects/nightclubapp/adminSdkConfig 200
[debug] [2025-01-27T08:06:22.380Z] <<< [apiv2][body] GET https://firebase.googleapis.com/v1beta1/projects/nightclubapp/adminSdkConfig {"projectId":"nightclubapp","storageBucket":"nightclubapp.firebasestorage.app"}
[debug] [2025-01-27T08:06:22.419Z] [Extensions] Connecting Extensions emulator, this is a noop.
[info] i  functions: Watching "/Users/arifbiswas/Desktop/projects/night_club_functions/functions" for Cloud Functions... {"metadata":{"emulator":{"name":"functions"},"message":"Watching \"/Users/arifbiswas/Desktop/projects/night_club_functions/functions\" for Cloud Functions..."}}
[debug] [2025-01-27T08:06:22.425Z] Validating nodejs source
[warn] ⚠  functions: package.json indicates an outdated version of firebase-functions. Please upgrade using npm install --save firebase-functions@latest in your functions directory. 
[debug] [2025-01-27T08:06:22.867Z] > [functions] package.json contents: {
  "name": "functions",
  "description": "Cloud Functions for Firebase",
  "type": "module",
  "scripts": {
    "lint": "eslint .",
    "serve": "firebase emulators:start --only functions",
    "shell": "firebase functions:shell",
    "start": "npm run shell",
    "deploy": "firebase deploy --only functions",
    "logs": "firebase functions:log"
  },
  "engines": {
    "node": "22"
  },
  "main": "index.mjs",
  "dependencies": {
    "dotenv": "^16.4.7",
    "firebase-admin": "^13.0.2",
    "firebase-functions": "^6.0.0",
    "nodemailer": "^6.9.16"
  },
  "devDependencies": {
    "eslint": "^8.57.1",
    "eslint-config-google": "^0.14.0",
    "firebase-functions-test": "^3.1.0"
  },
  "private": true
}
[debug] [2025-01-27T08:06:22.867Z] Building nodejs source
[debug] [2025-01-27T08:06:22.868Z] Failed to find version of module node: reached end of search path /Users/arifbiswas/Desktop/projects/night_club_functions/functions/node_modules
[warn] ⚠  functions: Your requested "node" version "22" doesn't match your global version "18". Using node@18 from host. 
[info] i  functions: Loaded environment variables from .env. 
[debug] [2025-01-27T08:06:22.869Z] Could not find functions.yaml. Must use http discovery
[debug] [2025-01-27T08:06:22.872Z] Found firebase-functions binary at '/Users/arifbiswas/Desktop/projects/night_club_functions/functions/node_modules/.bin/firebase-functions'
[info] Serving at port 8896

[debug] [2025-01-27T08:06:23.267Z] Got response from /__/functions.yaml {"endpoints":{"landing_page":{"availableMemoryMb":null,"timeoutSeconds":null,"minInstances":null,"maxInstances":null,"ingressSettings":null,"concurrency":null,"serviceAccountEmail":null,"vpc":null,"platform":"gcfv2","labels":{},"httpsTrigger":{},"entryPoint":"landing_page"},"onUserCreated":{"platform":"gcfv1","availableMemoryMb":null,"timeoutSeconds":null,"minInstances":null,"maxInstances":null,"ingressSettings":null,"serviceAccountEmail":null,"vpc":null,"eventTrigger":{"eventType":"providers/firebase.auth/eventTypes/user.create","eventFilters":{"resource":"projects/nightclubapp"},"retry":false},"labels":{},"entryPoint":"onUserCreated"},"onUserDeleted":{"platform":"gcfv1","availableMemoryMb":null,"timeoutSeconds":null,"minInstances":null,"maxInstances":null,"ingressSettings":null,"serviceAccountEmail":null,"vpc":null,"eventTrigger":{"eventType":"providers/firebase.auth/eventTypes/user.delete","eventFilters":{"resource":"projects/nightclubapp"},"retry":false},"labels":{},"entryPoint":"onUserDeleted"},"send_email_verification":{"availableMemoryMb":null,"timeoutSeconds":null,"minInstances":null,"maxInstances":null,"ingressSettings":null,"concurrency":null,"serviceAccountEmail":null,"vpc":null,"platform":"gcfv2","labels":{},"httpsTrigger":{},"entryPoint":"send_email_verification"},"support":{"availableMemoryMb":null,"timeoutSeconds":null,"minInstances":null,"maxInstances":null,"ingressSettings":null,"concurrency":null,"serviceAccountEmail":null,"vpc":null,"platform":"gcfv2","labels":{},"httpsTrigger":{},"entryPoint":"support"},"users":{"availableMemoryMb":null,"timeoutSeconds":null,"minInstances":null,"maxInstances":null,"ingressSettings":null,"concurrency":null,"serviceAccountEmail":null,"vpc":null,"platform":"gcfv2","labels":{},"httpsTrigger":{},"entryPoint":"users"}},"specVersion":"v1alpha1","requiredAPIs":[],"extensions":{}}
[debug] [2025-01-27T08:06:23.283Z] defaultcredentials: writing to file /Users/arifbiswas/.config/firebase/arifbiswas1020_gmail_com_application_default_credentials.json
[debug] [2025-01-27T08:06:23.283Z] Setting GAC to /Users/arifbiswas/.config/firebase/arifbiswas1020_gmail_com_application_default_credentials.json {"metadata":{"emulator":{"name":"functions"},"message":"Setting GAC to /Users/arifbiswas/.config/firebase/arifbiswas1020_gmail_com_application_default_credentials.json"}}
[info] ✔  functions: Loaded functions definitions from source: landing_page, onUserCreated, onUserDeleted, send_email_verification, support, users. {"metadata":{"emulator":{"name":"functions"},"message":"Loaded functions definitions from source: landing_page, onUserCreated, onUserDeleted, send_email_verification, support, users."}}
[info] ✔  functions[us-central1-landing_page]: http function initialized (http://10.0.80.14:5001/nightclubapp/us-central1/landing_page). {"metadata":{"emulator":{"name":"functions"},"message":"\u001b[1mhttp\u001b[22m function initialized (http://10.0.80.14:5001/nightclubapp/us-central1/landing_page)."}}
[debug] [2025-01-27T08:06:23.285Z] addAuthTrigger {"eventTrigger":{"eventType":"providers/firebase.auth/eventTypes/user.create","resource":"projects/nightclubapp"}}
[info] ✔  functions[us-central1-onUserCreated]: auth function initialized. {"metadata":{"emulator":{"name":"functions"},"message":"\u001b[1mauth\u001b[22m function initialized."}}
[debug] [2025-01-27T08:06:23.285Z] addAuthTrigger {"eventTrigger":{"eventType":"providers/firebase.auth/eventTypes/user.delete","resource":"projects/nightclubapp"}}
[info] ✔  functions[us-central1-onUserDeleted]: auth function initialized. {"metadata":{"emulator":{"name":"functions"},"message":"\u001b[1mauth\u001b[22m function initialized."}}
[info] ✔  functions[us-central1-send_email_verification]: http function initialized (http://10.0.80.14:5001/nightclubapp/us-central1/send_email_verification). {"metadata":{"emulator":{"name":"functions"},"message":"\u001b[1mhttp\u001b[22m function initialized (http://10.0.80.14:5001/nightclubapp/us-central1/send_email_verification)."}}
[info] ✔  functions[us-central1-support]: http function initialized (http://10.0.80.14:5001/nightclubapp/us-central1/support). {"metadata":{"emulator":{"name":"functions"},"message":"\u001b[1mhttp\u001b[22m function initialized (http://10.0.80.14:5001/nightclubapp/us-central1/support)."}}
[info] ✔  functions[us-central1-users]: http function initialized (http://10.0.80.14:5001/nightclubapp/us-central1/users). {"metadata":{"emulator":{"name":"functions"},"message":"\u001b[1mhttp\u001b[22m function initialized (http://10.0.80.14:5001/nightclubapp/us-central1/users)."}}
[debug] [2025-01-27T08:06:23.288Z] Could not find VSCode notification endpoint: FetchError: request to http://localhost:40001/vscode/notify failed, reason: connect ECONNREFUSED ::1:40001. If you are not running the Firebase Data Connect VSCode extension, this is expected and not an issue.
[info] 
┌─────────────────────────────────────────────────────────────┐
│ ✔  All emulators ready! It is now safe to connect your app. │
│ i  View Emulator UI at http://127.0.0.1:4000/               │
└─────────────────────────────────────────────────────────────┘

┌────────────┬─────────────────┬──────────────────────────────────┐
│ Emulator   │ Host:Port       │ View in Emulator UI              │
├────────────┼─────────────────┼──────────────────────────────────┤
│ Functions  │ 10.0.80.14:5001 │ http://127.0.0.1:4000/functions  │
├────────────┼─────────────────┼──────────────────────────────────┤
│ Extensions │ 10.0.80.14:5001 │ http://127.0.0.1:4000/extensions │
└────────────┴─────────────────┴──────────────────────────────────┘
  Emulator Hub running at 127.0.0.1:4400
  Other reserved ports: 4500
┌─────────────────────────┬───────────────┬─────────────────────┐
│ Extension Instance Name │ Extension Ref │ View in Emulator UI │
└─────────────────────────┴───────────────┴─────────────────────┘
Issues? Report them at https://github.com/firebase/firebase-tools/issues and attach the *-debug.log files.
 
[debug] [2025-01-27T08:07:02.354Z] File /Users/arifbiswas/Desktop/projects/night_club_functions/functions/index.mjs changed, reloading triggers {"metadata":{"emulator":{"name":"functions"},"message":"File /Users/arifbiswas/Desktop/projects/night_club_functions/functions/index.mjs changed, reloading triggers"}}
[debug] [2025-01-27T08:07:03.356Z] Validating nodejs source
[warn] ⚠  functions: package.json indicates an outdated version of firebase-functions. Please upgrade using npm install --save firebase-functions@latest in your functions directory. 
[debug] [2025-01-27T08:07:03.782Z] > [functions] package.json contents: {
  "name": "functions",
  "description": "Cloud Functions for Firebase",
  "type": "module",
  "scripts": {
    "lint": "eslint .",
    "serve": "firebase emulators:start --only functions",
    "shell": "firebase functions:shell",
    "start": "npm run shell",
    "deploy": "firebase deploy --only functions",
    "logs": "firebase functions:log"
  },
  "engines": {
    "node": "22"
  },
  "main": "index.mjs",
  "dependencies": {
    "dotenv": "^16.4.7",
    "firebase-admin": "^13.0.2",
    "firebase-functions": "^6.0.0",
    "nodemailer": "^6.9.16"
  },
  "devDependencies": {
    "eslint": "^8.57.1",
    "eslint-config-google": "^0.14.0",
    "firebase-functions-test": "^3.1.0"
  },
  "private": true
}
[debug] [2025-01-27T08:07:03.782Z] Building nodejs source
[debug] [2025-01-27T08:07:03.782Z] Failed to find version of module node: reached end of search path /Users/arifbiswas/Desktop/projects/night_club_functions/functions/node_modules
[warn] ⚠  functions: Your requested "node" version "22" doesn't match your global version "18". Using node@18 from host. 
[info] i  functions: Loaded environment variables from .env. 
[debug] [2025-01-27T08:07:03.782Z] Could not find functions.yaml. Must use http discovery
[debug] [2025-01-27T08:07:03.783Z] Found firebase-functions binary at '/Users/arifbiswas/Desktop/projects/night_club_functions/functions/node_modules/.bin/firebase-functions'
[info] Serving at port 8007

[debug] [2025-01-27T08:07:04.200Z] Got response from /__/functions.yaml {"endpoints":{"landing_page":{"availableMemoryMb":null,"timeoutSeconds":null,"minInstances":null,"maxInstances":null,"ingressSettings":null,"concurrency":null,"serviceAccountEmail":null,"vpc":null,"platform":"gcfv2","labels":{},"httpsTrigger":{},"entryPoint":"landing_page"},"onUserCreated":{"platform":"gcfv1","availableMemoryMb":null,"timeoutSeconds":null,"minInstances":null,"maxInstances":null,"ingressSettings":null,"serviceAccountEmail":null,"vpc":null,"eventTrigger":{"eventType":"providers/firebase.auth/eventTypes/user.create","eventFilters":{"resource":"projects/nightclubapp"},"retry":false},"labels":{},"entryPoint":"onUserCreated"},"onUserDeleted":{"platform":"gcfv1","availableMemoryMb":null,"timeoutSeconds":null,"minInstances":null,"maxInstances":null,"ingressSettings":null,"serviceAccountEmail":null,"vpc":null,"eventTrigger":{"eventType":"providers/firebase.auth/eventTypes/user.delete","eventFilters":{"resource":"projects/nightclubapp"},"retry":false},"labels":{},"entryPoint":"onUserDeleted"},"send_email_verification":{"availableMemoryMb":null,"timeoutSeconds":null,"minInstances":null,"maxInstances":null,"ingressSettings":null,"concurrency":null,"serviceAccountEmail":null,"vpc":null,"platform":"gcfv2","labels":{},"httpsTrigger":{},"entryPoint":"send_email_verification"},"support":{"availableMemoryMb":null,"timeoutSeconds":null,"minInstances":null,"maxInstances":null,"ingressSettings":null,"concurrency":null,"serviceAccountEmail":null,"vpc":null,"platform":"gcfv2","labels":{},"httpsTrigger":{},"entryPoint":"support"},"users":{"availableMemoryMb":null,"timeoutSeconds":null,"minInstances":null,"maxInstances":null,"ingressSettings":null,"concurrency":null,"serviceAccountEmail":null,"vpc":null,"platform":"gcfv2","labels":{},"httpsTrigger":{},"entryPoint":"users"}},"specVersion":"v1alpha1","requiredAPIs":[],"extensions":{}}
[debug] [2025-01-27T08:07:04.207Z] defaultcredentials: writing to file /Users/arifbiswas/.config/firebase/arifbiswas1020_gmail_com_application_default_credentials.json
[debug] [2025-01-27T08:07:04.208Z] Setting GAC to /Users/arifbiswas/.config/firebase/arifbiswas1020_gmail_com_application_default_credentials.json {"metadata":{"emulator":{"name":"functions"},"message":"Setting GAC to /Users/arifbiswas/.config/firebase/arifbiswas1020_gmail_com_application_default_credentials.json"}}
[info] ✔  functions: Loaded functions definitions from source: landing_page, onUserCreated, onUserDeleted, send_email_verification, support, users. {"metadata":{"emulator":{"name":"functions"},"message":"Loaded functions definitions from source: landing_page, onUserCreated, onUserDeleted, send_email_verification, support, users."}}
